<?xml version="1.0" encoding="UTF-8"?>
<testng-results ignored="0" total="9" passed="8" failed="1" skipped="0">
  <reporter-output>
  </reporter-output>
  <suite started-at="2025-07-28T22:19:06 IST" name="Loan Department" finished-at="2025-07-28T22:19:06 IST" duration-ms="380">
    <groups>
      <group name="Smoke">
        <method signature="Basic_Day1.secondtest()[pri:0, instance:test.Basic_Day1@311bf055]" name="secondtest" class="test.Basic_Day1"/>
        <method signature="Day2.day2()[pri:0, instance:test.Day2@15d49048]" name="day2" class="test.Day2"/>
        <method signature="Day3.MobileCarLogin()[pri:0, instance:test.Day3@7b50df34]" name="MobileCarLogin" class="test.Day3"/>
      </group> <!-- Smoke -->
    </groups>
    <test started-at="2025-07-28T22:19:06 IST" name="Personal loan.com" finished-at="2025-07-28T22:19:06 IST" duration-ms="229">
      <class name="test.Day2">
        <test-method is-config="true" signature="prerequisite()[pri:0, instance:test.Day2@15d49048]" started-at="2025-07-28T22:19:06 IST" name="prerequisite" finished-at="2025-07-28T22:19:06 IST" duration-ms="1" status="PASS">
          <reporter-output>
          </reporter-output>
        </test-method> <!-- prerequisite -->
        <test-method signature="day2()[pri:0, instance:test.Day2@15d49048]" started-at="2025-07-28T22:19:06 IST" name="day2" finished-at="2025-07-28T22:19:06 IST" duration-ms="19" status="PASS">
          <reporter-output>
          </reporter-output>
        </test-method> <!-- day2 -->
        <test-method is-config="true" signature="afterclass()[pri:0, instance:test.Day2@15d49048]" started-at="2025-07-28T22:19:06 IST" name="afterclass" finished-at="2025-07-28T22:19:06 IST" duration-ms="0" status="PASS">
          <reporter-output>
          </reporter-output>
        </test-method> <!-- afterclass -->
      </class> <!-- test.Day2 -->
      <class name="test.Day4">
        <test-method signature="WebLoginHomeLoan()[pri:0, instance:test.Day4@7098b907]" started-at="2025-07-28T22:19:06 IST" name="WebLoginHomeLoan" finished-at="2025-07-28T22:19:06 IST" duration-ms="11" status="PASS">
          <reporter-output>
          </reporter-output>
        </test-method> <!-- WebLoginHomeLoan -->
      </class> <!-- test.Day4 -->
      <class name="test.Basic_Day1">
        <test-method signature="Demo(java.lang.String,java.lang.String)[pri:0, instance:test.Basic_Day1@311bf055]" started-at="2025-07-28T22:19:06 IST" name="Demo" finished-at="2025-07-28T22:19:06 IST" duration-ms="68" status="FAIL">
          <params>
            <param index="0">
              <value>
                <![CDATA[personalLoan]]>
              </value>
            </param>
            <param index="1">
              <value>
                <![CDATA[12345678]]>
              </value>
            </param>
          </params>
          <exception class="java.lang.AssertionError">
            <message>
              <![CDATA[expected [true] but found [false]]]>
            </message>
            <full-stacktrace>
              <![CDATA[java.lang.AssertionError: expected [true] but found [false]
at org.testng.Assert.fail(Assert.java:111)
at org.testng.Assert.failNotEquals(Assert.java:1578)
at org.testng.Assert.assertTrue(Assert.java:57)
at org.testng.Assert.assertTrue(Assert.java:67)
at test.Basic_Day1.Demo(Basic_Day1.java:26)
at java.base/jdk.internal.reflect.NativeMethodAccessorImpl.invoke0(Native Method)
at java.base/jdk.internal.reflect.NativeMethodAccessorImpl.invoke(NativeMethodAccessorImpl.java:77)
at java.base/jdk.internal.reflect.DelegatingMethodAccessorImpl.invoke(DelegatingMethodAccessorImpl.java:43)
at java.base/java.lang.reflect.Method.invoke(Method.java:568)
at org.testng.internal.invokers.MethodInvocationHelper.invokeMethod(MethodInvocationHelper.java:139)
at org.testng.internal.invokers.TestInvoker.invokeMethod(TestInvoker.java:664)
at org.testng.internal.invokers.TestInvoker.invokeTestMethod(TestInvoker.java:227)
at org.testng.internal.invokers.MethodRunner.runInSequence(MethodRunner.java:50)
at org.testng.internal.invokers.TestInvoker$MethodInvocationAgent.invoke(TestInvoker.java:957)
at org.testng.internal.invokers.TestInvoker.invokeTestMethods(TestInvoker.java:200)
at org.testng.internal.invokers.TestMethodWorker.invokeTestMethods(TestMethodWorker.java:148)
at org.testng.internal.invokers.TestMethodWorker.run(TestMethodWorker.java:128)
at java.base/java.util.concurrent.ThreadPoolExecutor.runWorker(ThreadPoolExecutor.java:1136)
at java.base/java.util.concurrent.ThreadPoolExecutor$Worker.run(ThreadPoolExecutor.java:635)
at java.base/java.lang.Thread.run(Thread.java:840)
]]>
            </full-stacktrace>
          </exception> <!-- java.lang.AssertionError -->
          <reporter-output>
          </reporter-output>
        </test-method> <!-- Demo -->
        <test-method signature="secondtest()[pri:0, instance:test.Basic_Day1@311bf055]" started-at="2025-07-28T22:19:06 IST" name="secondtest" finished-at="2025-07-28T22:19:06 IST" duration-ms="16" status="PASS">
          <reporter-output>
          </reporter-output>
        </test-method> <!-- secondtest -->
        <test-method is-config="true" signature="lastExecution()[pri:0, instance:test.Basic_Day1@311bf055]" started-at="2025-07-28T22:19:06 IST" name="lastExecution" finished-at="2025-07-28T22:19:06 IST" duration-ms="1" status="PASS">
          <reporter-output>
          </reporter-output>
        </test-method> <!-- lastExecution -->
      </class> <!-- test.Basic_Day1 -->
    </test> <!-- Personal loan.com -->
    <test started-at="2025-07-28T22:19:06 IST" name="Car Loan" finished-at="2025-07-28T22:19:06 IST" duration-ms="377">
      <class name="test.Day3">
        <test-method is-config="true" signature="beforeSuite()[pri:0, instance:test.Day3@7b50df34]" started-at="2025-07-28T22:19:06 IST" name="beforeSuite" finished-at="2025-07-28T22:19:06 IST" duration-ms="21" status="PASS">
          <reporter-output>
          </reporter-output>
        </test-method> <!-- beforeSuite -->
        <test-method is-config="true" signature="beforeclass()[pri:0, instance:test.Day3@7b50df34]" started-at="2025-07-28T22:19:06 IST" name="beforeclass" finished-at="2025-07-28T22:19:06 IST" duration-ms="1" status="PASS">
          <reporter-output>
          </reporter-output>
        </test-method> <!-- beforeclass -->
        <test-method is-config="true" signature="beforemethod()[pri:0, instance:test.Day3@7b50df34]" started-at="2025-07-28T22:19:06 IST" name="beforemethod" finished-at="2025-07-28T22:19:06 IST" duration-ms="1" status="PASS">
          <reporter-output>
          </reporter-output>
        </test-method> <!-- beforemethod -->
        <test-method signature="MobileCarLogin()[pri:0, instance:test.Day3@7b50df34]" started-at="2025-07-28T22:19:06 IST" name="MobileCarLogin" finished-at="2025-07-28T22:19:06 IST" duration-ms="24" status="PASS">
          <reporter-output>
          </reporter-output>
        </test-method> <!-- MobileCarLogin -->
        <test-method is-config="true" signature="beforemethod()[pri:0, instance:test.Day3@7b50df34]" started-at="2025-07-28T22:19:06 IST" name="beforemethod" finished-at="2025-07-28T22:19:06 IST" duration-ms="1" status="PASS">
          <reporter-output>
          </reporter-output>
        </test-method> <!-- beforemethod -->
        <test-method signature="WebLogin(java.lang.String,java.lang.String)[pri:0, instance:test.Day3@7b50df34]" started-at="2025-07-28T22:19:06 IST" name="WebLogin" data-provider="getdata" finished-at="2025-07-28T22:19:06 IST" duration-ms="49" status="PASS">
          <params>
            <param index="0">
              <value>
                <![CDATA[firstName]]>
              </value>
            </param>
            <param index="1">
              <value>
                <![CDATA[1stPassword]]>
              </value>
            </param>
          </params>
          <reporter-output>
          </reporter-output>
        </test-method> <!-- WebLogin -->
        <test-method is-config="true" signature="beforemethod()[pri:0, instance:test.Day3@7b50df34]" started-at="2025-07-28T22:19:06 IST" name="beforemethod" finished-at="2025-07-28T22:19:06 IST" duration-ms="37" status="PASS">
          <reporter-output>
          </reporter-output>
        </test-method> <!-- beforemethod -->
        <test-method signature="WebLogin(java.lang.String,java.lang.String)[pri:0, instance:test.Day3@7b50df34]" started-at="2025-07-28T22:19:06 IST" name="WebLogin" data-provider="getdata" finished-at="2025-07-28T22:19:06 IST" duration-ms="7" status="PASS">
          <params>
            <param index="0">
              <value>
                <![CDATA[SecondName]]>
              </value>
            </param>
            <param index="1">
              <value>
                <![CDATA[2ndPassword]]>
              </value>
            </param>
          </params>
          <reporter-output>
          </reporter-output>
        </test-method> <!-- WebLogin -->
        <test-method is-config="true" signature="beforemethod()[pri:0, instance:test.Day3@7b50df34]" started-at="2025-07-28T22:19:06 IST" name="beforemethod" finished-at="2025-07-28T22:19:06 IST" duration-ms="3" status="PASS">
          <reporter-output>
          </reporter-output>
        </test-method> <!-- beforemethod -->
        <test-method signature="WebLogin(java.lang.String,java.lang.String)[pri:0, instance:test.Day3@7b50df34]" started-at="2025-07-28T22:19:06 IST" name="WebLogin" data-provider="getdata" finished-at="2025-07-28T22:19:06 IST" duration-ms="4" status="PASS">
          <params>
            <param index="0">
              <value>
                <![CDATA[ThirdName]]>
              </value>
            </param>
            <param index="1">
              <value>
                <![CDATA[3rdPassword]]>
              </value>
            </param>
          </params>
          <reporter-output>
          </reporter-output>
        </test-method> <!-- WebLogin -->
        <test-method is-config="true" signature="beforemethod()[pri:0, instance:test.Day3@7b50df34]" started-at="2025-07-28T22:19:06 IST" name="beforemethod" finished-at="2025-07-28T22:19:06 IST" duration-ms="1" status="PASS">
          <reporter-output>
          </reporter-output>
        </test-method> <!-- beforemethod -->
        <test-method signature="WebLogout(java.lang.String)[pri:0, instance:test.Day3@7b50df34]" started-at="2025-07-28T22:19:06 IST" name="WebLogout" finished-at="2025-07-28T22:19:06 IST" duration-ms="7" status="PASS">
          <params>
            <param index="0">
              <value>
                <![CDATA[carloan.com]]>
              </value>
            </param>
          </params>
          <reporter-output>
          </reporter-output>
        </test-method> <!-- WebLogout -->
      </class> <!-- test.Day3 -->
      <class name="test.Basic_Day1">
        <test-method is-config="true" signature="aftersuite()[pri:0, instance:test.Basic_Day1@311bf055]" started-at="2025-07-28T22:19:06 IST" name="aftersuite" finished-at="2025-07-28T22:19:06 IST" duration-ms="0" status="PASS">
          <reporter-output>
          </reporter-output>
        </test-method> <!-- aftersuite -->
      </class> <!-- test.Basic_Day1 -->
    </test> <!-- Car Loan -->
  </suite> <!-- Loan Department -->
</testng-results>
