<?xml version="1.0" encoding="UTF-8"?>
<!-- Generated by org.testng.reporters.JUnitReportReporter -->
<testsuite hostname="DESKTOP-3EG2OHA" failures="0" tests="6" name="test.Day3" time="0.134" errors="0" timestamp="2025-07-28T22:19:07 IST" skipped="1">
  <testcase classname="test.Day3" name="WebLogout" time="0.008"/>
  <testcase classname="test.Day3" name="WebLogin" time="0.041"/>
  <testcase classname="test.Day3" name="WebLogin" time="0.008"/>
  <testcase classname="test.Day3" name="WebLogin" time="0.052"/>
  <testcase classname="test.Day3" name="MobileCarLogin" time="0.025"/>
  <testcase classname="test.Day3" name="MobileCarLogout">
    <skipped/>
  </testcase> <!-- MobileCarLogout -->
</testsuite> <!-- test.Day3 -->
