<?xml version="1.0" encoding="UTF-8"?>
<!-- Generated by org.testng.reporters.JUnitXMLReporter -->
<testsuite ignored="3" hostname="DESKTOP-3EG2OHA" failures="0" tests="5" name="Car Loan" time="0.377" errors="0" timestamp="2025-07-28T22:19:06 IST">
  <testcase classname="test.Day3" name="MobileCarLogin" time="0.024"/>
  <testcase classname="test.Day3" name="WebLogin" time="0.049"/>
  <testcase classname="test.Day3" name="WebLogin" time="0.007"/>
  <testcase classname="test.Day3" name="WebLogin" time="0.004"/>
  <testcase classname="test.Day3" name="WebLogout" time="0.007"/>
  <testcase classname="test.Day3" name="APICarLogout" time="0.0">
    <ignored/>
  </testcase> <!-- APICarLogout -->
  <testcase classname="test.Day3" name="APICarLogin" time="0.0">
    <ignored/>
  </testcase> <!-- APICarLogin -->
  <testcase classname="test.Day3" name="MobileCarLogout" time="0.0">
    <ignored/>
  </testcase> <!-- MobileCarLogout -->
</testsuite> <!-- Car Loan -->
