<?xml version="1.0" encoding="UTF-8"?>
<!-- Generated by org.testng.reporters.JUnitXMLReporter -->
<testsuite ignored="2" hostname="DESKTOP-3EG2OHA" failures="0" tests="4" name="Personal loan" time="0.136" errors="0" timestamp="2025-07-12T14:52:46 IST">
  <testcase classname="test.Basic_Day1" name="Demo" time="0.008"/>
  <testcase classname="test.Basic_Day1" name="secondtest" time="0.003"/>
  <testcase classname="test.Day2" name="day2" time="0.004"/>
  <testcase classname="test.Day4" name="WebLoginHomeLoan" time="0.003"/>
  <testcase classname="test.Day4" name="mobileLoginHomeLoan" time="0.0">
    <ignored/>
  </testcase> <!-- mobileLoginHomeLoan -->
  <testcase classname="test.Day4" name="APIloginHomeLoan" time="0.0">
    <ignored/>
  </testcase> <!-- APIloginHomeLoan -->
</testsuite> <!-- Personal loan -->
