<?xml version="1.0" encoding="UTF-8"?>
<!-- Generated by org.testng.reporters.JUnitXMLReporter -->
<testsuite ignored="2" hostname="DESKTOP-3EG2OHA" failures="1" tests="4" name="Personal loan.com" time="0.229" errors="0" timestamp="2025-07-28T22:19:06 IST">
  <testcase classname="test.Day2" name="day2" time="0.019"/>
  <testcase classname="test.Basic_Day1" name="Demo" time="0.068">
    <failure type="java.lang.AssertionError" message="expected [true] but found [false]">
      <![CDATA[java.lang.AssertionError: expected [true] but found [false]
at test.Basic_Day1.Demo(Basic_Day1.java:26)
at java.base/java.util.concurrent.ThreadPoolExecutor.runWorker(ThreadPoolExecutor.java:1136)
at java.base/java.util.concurrent.ThreadPoolExecutor$Worker.run(ThreadPoolExecutor.java:635)
at java.base/java.lang.Thread.run(Thread.java:840)
... Removed 16 stack frames]]>
    </failure>
  </testcase> <!-- Demo -->
  <testcase classname="test.Day4" name="WebLoginHomeLoan" time="0.011"/>
  <testcase classname="test.Basic_Day1" name="secondtest" time="0.016"/>
  <testcase classname="test.Day4" name="mobileLoginHomeLoan" time="0.0">
    <ignored/>
  </testcase> <!-- mobileLoginHomeLoan -->
  <testcase classname="test.Day4" name="APIloginHomeLoan" time="0.0">
    <ignored/>
  </testcase> <!-- APIloginHomeLoan -->
</testsuite> <!-- Personal loan.com -->
