<?xml version="1.0" encoding="UTF-8"?>
<!-- Generated by org.testng.reporters.JUnitXMLReporter -->
<testsuite ignored="4" hostname="DESKTOP-3EG2OHA" failures="0" tests="6" name="Regression" time="0.703" errors="0" timestamp="2025-07-12T14:09:07 IST">
  <testcase classname="test.Basic_Day1" name="Demo" time="0.017"/>
  <testcase classname="test.Day4" name="APIloginHomeLoan" time="0.016"/>
  <testcase classname="test.Day4" name="WebLoginHomeLoan" time="0.011"/>
  <testcase classname="test.Day3" name="WebLogin" time="0.167"/>
  <testcase classname="test.Day3" name="loginAPI" time="0.043"/>
  <testcase classname="test.Day3" name="mobileLogout" time="0.046"/>
  <testcase classname="test.Day2" name="day2" time="0.0">
    <ignored/>
  </testcase> <!-- day2 -->
  <testcase classname="test.Day4" name="mobileLoginHomeLoan" time="0.0">
    <ignored/>
  </testcase> <!-- mobileLoginHomeLoan -->
  <testcase classname="test.Day3" name="mobileLogin" time="0.0">
    <ignored/>
  </testcase> <!-- mobileLogin -->
  <testcase classname="test.Basic_Day1" name="secondtest" time="0.0">
    <ignored/>
  </testcase> <!-- secondtest -->
</testsuite> <!-- Regression -->
